Aug 29 07:22:24 combo sshd(pam_unix)[794]: authentication failure; logname= uid=0 euid=0 tty=NODEVssh ruser= rhost=220.82.197.48  user=root
Aug 29 07:22:25 combo sshd(pam_unix)[796]: authentication failure; logname= uid=0 euid=0 tty=NODEVssh ruser= rhost=220.82.197.48  user=root
Aug 29 07:22:26 combo sshd(pam_unix)[798]: authentication failure; logname= uid=0 euid=0 tty=NODEVssh ruser= rhost=220.82.197.48  user=root
Aug 29 07:22:26 combo sshd(pam_unix)[800]: authentication failure; logname= uid=0 euid=0 tty=NODEVssh ruser= rhost=220.82.197.48  user=root
Aug 29 07:22:26 combo sshd(pam_unix)[801]: authentication failure; logname= uid=0 euid=0 tty=NODEVssh ruser= rhost=220.82.197.48  user=root
Aug 29 07:22:27 combo sshd(pam_unix)[802]: authentication failure; logname= uid=0 euid=0 tty=NODEVssh ruser= rhost=220.82.197.48  user=root
Nov 15 12:46:41 combo kernel: Out of Memory: Killed process 31182 (httpd).
Nov 15 12:46:54 combo kernel: Out of Memory: Killed process 31183 (httpd).
Nov 15 12:47:00 combo kernel: Out of Memory: Killed process 31184 (httpd).
Nov 16 00:42:43 combo kernel: Out of Memory: Killed process 32421 (httpd).
Nov 16 04:07:47 combo su(pam_unix)[650]: session opened for user cyrus by (uid=0)
Nov 16 04:07:48 combo su(pam_unix)[650]: session closed for user cyrus
Nov 16 04:07:49 combo logrotate: ALERT exited abnormally with [1]
Nov 16 05:00:28 combo kernel: Out of Memory: Killed process 32422 (httpd).
Nov 16 05:00:36 combo kernel: Out of Memory: Killed process 32423 (httpd).
Nov 16 05:01:05 combo kernel: Out of Memory: Killed process 32424 (httpd).
Nov 16 05:01:26 combo kernel: Out of Memory: Killed process 32425 (httpd).
Nov 16 05:01:37 combo kernel: Out of Memory: Killed process 32426 (httpd).
Nov 16 05:01:46 combo kernel: Out of Memory: Killed process 32568 (httpd).
Nov 16 05:01:53 combo kernel: Out of Memory: Killed process 1982 (httpd).Nov 16 05:02:42 combo kernel: Out of Memory: Killed process 1994 (httpd).
Nov 16 05:15:03 combo su(pam_unix)[2032]: session opened for user news by (uid=0)
Nov 16 05:15:06 combo su(pam_unix)[2032]: session closed for user news
Nov 16 13:30:31 combo kernel: Out of Memory: Killed process 2699 (httpd).
Nov 16 13:30:36 combo kernel: Out of Memory: Killed process 2700 (httpd).
Nov 16 13:40:23 combo kernel: Out of Memory: Killed process 2701 (httpd).
Nov 16 13:50:11 combo kernel: Out of Memory: Killed process 2702 (httpd).
Nov 16 13:55:17 combo kernel: Out of Memory: Killed process 2704 (httpd).
Nov 18 00:12:02 combo sshd(pam_unix)[7543]: check pass; user unknown
Nov 18 00:12:02 combo sshd(pam_unix)[7543]: authentication failure; logname= uid=0 euid=0 tty=NODEVssh ruser= rhost=211.157.108.173 
Nov 18 00:12:02 combo sshd(pam_unix)[7544]: check pass; user unknown
Nov 18 00:12:02 combo sshd(pam_unix)[7544]: authentication failure; logname= uid=0 euid=0 tty=NODEVssh ruser= rhost=211.157.108.173 
Nov 18 00:12:02 combo sshd(pam_unix)[7545]: check pass; user unknown
Nov 18 00:12:02 combo sshd(pam_unix)[7545]: authentication failure; logname= uid=0 euid=0 tty=NODEVssh ruser= rhost=211.157.108.173 
Nov 18 00:12:02 combo sshd(pam_unix)[7553]: check pass; user unknown
Nov 18 00:12:02 combo sshd(pam_unix)[7553]: authentication failure; logname= uid=0 euid=0 tty=NODEVssh ruser= rhost=211.157.108.173 
Nov 18 00:12:03 combo sshd(pam_unix)[7546]: check pass; user unknown
Nov 18 00:12:03 combo sshd(pam_unix)[7546]: authentication failure; logname= uid=0 euid=0 tty=NODEVssh ruser= rhost=211.157.108.173 
Nov 18 00:12:03 combo sshd(pam_unix)[7547]: check pass; user unknown
Nov 18 00:12:03 combo sshd(pam_unix)[7547]: authentication failure; logname= uid=0 euid=0 tty=NODEVssh ruser= rhost=211.157.108.173 
Nov 18 00:12:03 combo sshd(pam_unix)[7552]: check pass; user unknown
Nov 18 00:12:03 combo sshd(pam_unix)[7552]: authentication failure; logname= uid=0 euid=0 tty=NODEVssh ruser= rhost=211.157.108.173 
Nov 18 00:12:03 combo sshd(pam_unix)[7557]: check pass; user unknown
Nov 18 00:12:03 combo sshd(pam_unix)[7557]: authentication failure; logname= uid=0 euid=0 tty=NODEVssh ruser= rhost=211.157.108.173 
Nov 18 00:12:03 combo sshd(pam_unix)[7556]: check pass; user unknown
Nov 18 00:12:04 combo sshd(pam_unix)[7556]: authentication failure; logname= uid=0 euid=0 tty=NODEVssh ruser= rhost=211.157.108.173 
Nov 18 00:12:04 combo sshd(pam_unix)[7559]: check pass; user unknown
Nov 18 00:12:04 combo sshd(pam_unix)[7559]: authentication failure; logname= uid=0 euid=0 tty=NODEVssh ruser= rhost=211.157.108.173 
Nov 18 04:05:07 combo su(pam_unix)[8240]: session opened for user cyrus by (uid=0)
Nov 18 04:05:08 combo su(pam_unix)[8240]: session closed for user cyrus
Nov 18 04:05:09 combo logrotate: ALERT exited abnormally with [1]
Nov 18 04:55:31 combo kernel: Out of Memory: Killed process 7250 (httpd).
Nov 18 05:00:36 combo kernel: Out of Memory: Killed process 7252 (httpd).
Nov 25 02:10:36 combo kernel: sendmail: page allocation failure. order:0, mode:0x1d2
Nov 25 02:10:36 combo kernel: Call Trace:
Nov 25 02:10:36 combo kernel:  [<0212ebf3>] __alloc_pages+0x274/0x281
Nov 25 02:10:36 combo kernel:  [<021303bd>] do_page_cache_readahead+0xa3/0x101
Nov 25 02:10:36 combo kernel:  [<0212c71b>] filemap_nopage+0x119/0x26d
Nov 25 02:10:36 combo kernel:  [<021361c7>] do_no_page+0xa1/0x235
Nov 25 02:10:36 combo kernel:  [<0213647b>] handle_mm_fault+0x71/0xe2
Nov 25 02:10:36 combo kernel:  [<02114537>] do_page_fault+0x12f/0x446
Nov 25 02:10:36 combo kernel:  [<021529bb>] d_alloc+0x38/0x1b0
Nov 25 02:10:36 combo kernel:  [<02152b72>] d_instantiate+0x3f/0x42
Nov 25 02:10:36 combo kernel:  [<02135342>] follow_page+0xda/0xe5
Nov 25 02:10:36 combo kernel:  [<0213f1ba>] rw_vm+0x1ce/0x1ea
Nov 25 02:10:39 combo kernel:  [<0213f423>] put_user_size+0x29/0x2d
Nov 25 02:10:40 combo kernel:  [<0211fc74>] sys_rt_sigprocmask+0x87/0x9a
Nov 25 02:10:41 combo kernel:  [<02114408>] do_page_fault+0x0/0x446
Nov 25 02:10:42 combo kernel: 
Nov 25 02:10:43 combo kernel: sendmail: page allocation failure. order:0, mode:0x1d2
Nov 25 02:10:43 combo kernel: Call Trace:
Nov 25 02:10:43 combo kernel:  [<0212ebf3>] __alloc_pages+0x274/0x281
Nov 25 02:10:44 combo kernel:  [<021303bd>] do_page_cache_readahead+0xa3/0x101
Nov 25 02:10:44 combo kernel:  [<0212c71b>] filemap_nopage+0x119/0x26d
Nov 25 02:10:44 combo kernel:  [<021361c7>] do_no_page+0xa1/0x235
Nov 25 02:10:44 combo kernel:  [<0213647b>] handle_mm_fault+0x71/0xe2
Nov 25 02:10:45 combo kernel:  [<02114537>] do_page_fault+0x12f/0x446
Nov 25 02:10:45 combo kernel:  [<021529bb>] d_alloc+0x38/0x1b0
Nov 25 02:10:45 combo kernel:  [<02152b72>] d_instantiate+0x3f/0x42
Nov 25 02:10:45 combo kernel:  [<02135342>] follow_page+0xda/0xe5
Nov 25 02:10:46 combo kernel:  [<0213f1ba>] rw_vm+0x1ce/0x1ea
Nov 25 02:10:46 combo kernel:  [<0213f423>] put_user_size+0x29/0x2d
Nov 25 02:10:46 combo kernel:  [<0211fc74>] sys_rt_sigprocmask+0x87/0x9a
Nov 25 02:10:46 combo kernel:  [<02114408>] do_page_fault+0x0/0x446
Nov 25 02:10:47 combo kernel: sendmail: page allocation failure. order:0, mode:0x1d2
Nov 25 02:10:47 combo kernel: Call Trace:
Nov 25 02:10:47 combo kernel:  [<0212ebf3>] __alloc_pages+0x274/0x281
Nov 25 02:10:48 combo kernel:  [<0212c5b2>] page_cache_read+0x2a/0x7a
Nov 25 02:10:48 combo kernel:  [<0212c784>] filemap_nopage+0x182/0x26d
Nov 25 02:10:48 combo kernel:  [<021361c7>] do_no_page+0xa1/0x235
Nov 25 02:10:48 combo kernel:  [<0213647b>] handle_mm_fault+0x71/0xe2
Nov 25 02:10:49 combo kernel:  [<02114537>] do_page_fault+0x12f/0x446
Nov 25 02:10:49 combo kernel:  [<021529bb>] d_alloc+0x38/0x1b0
Nov 25 02:10:49 combo kernel:  [<02152b72>] d_instantiate+0x3f/0x42
Nov 25 02:10:49 combo kernel:  [<02135342>] follow_page+0xda/0xe5
Nov 25 02:10:50 combo kernel:  [<0213f1ba>] rw_vm+0x1ce/0x1ea
Nov 25 02:10:50 combo kernel:  [<0213f423>] put_user_size+0x29/0x2d
Nov 25 02:10:50 combo kernel:  [<0211fc74>] sys_rt_sigprocmask+0x87/0x9a
Nov 25 02:10:50 combo kernel:  [<02114408>] do_page_fault+0x0/0x446